<?xml version="1.0" encoding="UTF-8"?>
<!-- Generated by org.testng.reporters.JUnitReportReporter -->
<testsuite hostname="My-Machine" name="testRunner.testRunner" tests="1" failures="0" timestamp="22 Mar 2019 13:46:13 GMT" time="0.747" errors="0">
  <testcase name="feature" time="0.747" classname="testRunner.testRunner"/>
</testsuite> <!-- testRunner.testRunner -->
