<?xml version="1.0" encoding="UTF-8"?>
<!-- Generated by org.testng.reporters.JUnitReportReporter -->
<testsuite hostname="My-Machine" name="testRunner.testRunner" tests="1" failures="0" timestamp="24 Mar 2019 04:37:05 GMT" time="0.728" errors="0">
  <testcase name="feature" time="0.728" classname="testRunner.testRunner"/>
</testsuite> <!-- testRunner.testRunner -->
